[13-Jul-2018 22:38:22 UTC] PHP Deprecated:  Function create_function() is deprecated in /home/ritmosaude/public_html/wp-content/plugins/client-side-image-resize/client-side-image-resize.php on line 176
[13-Jul-2018 22:38:22 UTC] PHP Warning:  Use of undefined constant LENGHT - assumed 'LENGHT' (this will throw an Error in a future version of PHP) in /home/ritmosaude/public_html/wp-content/plugins/woocommerce-devhouse-default-product-size-and-weight/woocommerce-devhouse-default-product-size-and-weight.php on line 102
[13-Jul-2018 22:38:22 UTC] PHP Warning:  Use of undefined constant WIDTH - assumed 'WIDTH' (this will throw an Error in a future version of PHP) in /home/ritmosaude/public_html/wp-content/plugins/woocommerce-devhouse-default-product-size-and-weight/woocommerce-devhouse-default-product-size-and-weight.php on line 105
[13-Jul-2018 22:38:22 UTC] PHP Warning:  Use of undefined constant HEIGHT - assumed 'HEIGHT' (this will throw an Error in a future version of PHP) in /home/ritmosaude/public_html/wp-content/plugins/woocommerce-devhouse-default-product-size-and-weight/woocommerce-devhouse-default-product-size-and-weight.php on line 108
[13-Jul-2018 22:38:22 UTC] PHP Warning:  Use of undefined constant WEIGHT - assumed 'WEIGHT' (this will throw an Error in a future version of PHP) in /home/ritmosaude/public_html/wp-content/plugins/woocommerce-devhouse-default-product-size-and-weight/woocommerce-devhouse-default-product-size-and-weight.php on line 111
[13-Jul-2018 22:38:22 UTC] PHP Warning:  count(): Parameter must be an array or an object that implements Countable in /home/ritmosaude/public_html/wp-includes/post-template.php on line 284
[13-Jul-2018 22:38:22 UTC] PHP Notice:  WC_Cart::get_cart_url está <strong>obsoleto</strong> desde a versão 2.5! Use wc_get_cart_url em seu lugar. in /home/ritmosaude/public_html/wp-includes/functions.php on line 3853
[13-Jul-2018 22:38:22 UTC] PHP Fatal error:  Uncaught ArgumentCountError: Too few arguments to function WC_DevHouse_Default_PSAW::product_default_value(), 1 passed in /home/ritmosaude/public_html/wp-includes/class-wp-hook.php on line 286 and exactly 2 expected in /home/ritmosaude/public_html/wp-content/plugins/woocommerce-devhouse-default-product-size-and-weight/woocommerce-devhouse-default-product-size-and-weight.php:161
Stack trace:
#0 /home/ritmosaude/public_html/wp-includes/class-wp-hook.php(286): WC_DevHouse_Default_PSAW->product_default_value(0)
#1 /home/ritmosaude/public_html/wp-includes/plugin.php(203): WP_Hook->apply_filters(0, Array)
#2 /home/ritmosaude/public_html/wp-content/plugins/woocommerce-correios/includes/class-wc-correios-package.php(226): apply_filters('woocommerce_cor...', 0)
#3 /home/ritmosaude/public_html/wp-content/plugins/woocommerce-correios/includes/class-wc-correios-webservice.php(226): WC_Correios_Package->get_data()
#4 /home/ritmosaude/public_html/wp-content/plugins/woocommerce-correios/includes/abstracts/class-wc-correios- in /home/ritmosaude/public_html/wp-content/plugins/woocommerce-devhouse-default-product-size-and-weight/woocommerce-devhouse-default-product-size-and-weight.php on line 161
[13-Jul-2018 22:38:44 UTC] PHP Deprecated:  Function create_function() is deprecated in /home/ritmosaude/public_html/wp-content/plugins/client-side-image-resize/client-side-image-resize.php on line 176
[13-Jul-2018 22:38:44 UTC] PHP Warning:  Use of undefined constant LENGHT - assumed 'LENGHT' (this will throw an Error in a future version of PHP) in /home/ritmosaude/public_html/wp-content/plugins/woocommerce-devhouse-default-product-size-and-weight/woocommerce-devhouse-default-product-size-and-weight.php on line 102
[13-Jul-2018 22:38:44 UTC] PHP Warning:  Use of undefined constant WIDTH - assumed 'WIDTH' (this will throw an Error in a future version of PHP) in /home/ritmosaude/public_html/wp-content/plugins/woocommerce-devhouse-default-product-size-and-weight/woocommerce-devhouse-default-product-size-and-weight.php on line 105
[13-Jul-2018 22:38:44 UTC] PHP Warning:  Use of undefined constant HEIGHT - assumed 'HEIGHT' (this will throw an Error in a future version of PHP) in /home/ritmosaude/public_html/wp-content/plugins/woocommerce-devhouse-default-product-size-and-weight/woocommerce-devhouse-default-product-size-and-weight.php on line 108
[13-Jul-2018 22:38:44 UTC] PHP Warning:  Use of undefined constant WEIGHT - assumed 'WEIGHT' (this will throw an Error in a future version of PHP) in /home/ritmosaude/public_html/wp-content/plugins/woocommerce-devhouse-default-product-size-and-weight/woocommerce-devhouse-default-product-size-and-weight.php on line 111
[13-Jul-2018 22:38:44 UTC] PHP Warning:  count(): Parameter must be an array or an object that implements Countable in /home/ritmosaude/public_html/wp-includes/post-template.php on line 284
[13-Jul-2018 22:38:44 UTC] PHP Notice:  WC_Cart::get_cart_url está <strong>obsoleto</strong> desde a versão 2.5! Use wc_get_cart_url em seu lugar. in /home/ritmosaude/public_html/wp-includes/functions.php on line 3853
[13-Jul-2018 22:38:44 UTC] PHP Fatal error:  Uncaught ArgumentCountError: Too few arguments to function WC_DevHouse_Default_PSAW::product_default_value(), 1 passed in /home/ritmosaude/public_html/wp-includes/class-wp-hook.php on line 286 and exactly 2 expected in /home/ritmosaude/public_html/wp-content/plugins/woocommerce-devhouse-default-product-size-and-weight/woocommerce-devhouse-default-product-size-and-weight.php:161
Stack trace:
#0 /home/ritmosaude/public_html/wp-includes/class-wp-hook.php(286): WC_DevHouse_Default_PSAW->product_default_value(0)
#1 /home/ritmosaude/public_html/wp-includes/plugin.php(203): WP_Hook->apply_filters(0, Array)
#2 /home/ritmosaude/public_html/wp-content/plugins/woocommerce-correios/includes/class-wc-correios-package.php(226): apply_filters('woocommerce_cor...', 0)
#3 /home/ritmosaude/public_html/wp-content/plugins/woocommerce-correios/includes/class-wc-correios-webservice.php(226): WC_Correios_Package->get_data()
#4 /home/ritmosaude/public_html/wp-content/plugins/woocommerce-correios/includes/abstracts/class-wc-correios- in /home/ritmosaude/public_html/wp-content/plugins/woocommerce-devhouse-default-product-size-and-weight/woocommerce-devhouse-default-product-size-and-weight.php on line 161
[13-Jul-2018 22:38:52 UTC] PHP Deprecated:  Function create_function() is deprecated in /home/ritmosaude/public_html/wp-content/plugins/client-side-image-resize/client-side-image-resize.php on line 176
[13-Jul-2018 22:38:52 UTC] PHP Warning:  count(): Parameter must be an array or an object that implements Countable in /home/ritmosaude/public_html/wp-includes/post-template.php on line 284
[13-Jul-2018 22:38:52 UTC] PHP Notice:  WC_Cart::get_cart_url está <strong>obsoleto</strong> desde a versão 2.5! Use wc_get_cart_url em seu lugar. in /home/ritmosaude/public_html/wp-includes/functions.php on line 3853
[13-Jul-2018 22:38:52 UTC] PHP Fatal error:  Uncaught ArgumentCountError: Too few arguments to function WC_DevHouse_Default_PSAW::product_default_value(), 1 passed in /home/ritmosaude/public_html/wp-includes/class-wp-hook.php on line 286 and exactly 2 expected in /home/ritmosaude/public_html/wp-content/plugins/woocommerce-devhouse-default-product-size-and-weight/woocommerce-devhouse-default-product-size-and-weight.php:161
Stack trace:
#0 /home/ritmosaude/public_html/wp-includes/class-wp-hook.php(286): WC_DevHouse_Default_PSAW->product_default_value(0)
#1 /home/ritmosaude/public_html/wp-includes/plugin.php(203): WP_Hook->apply_filters(0, Array)
#2 /home/ritmosaude/public_html/wp-content/plugins/woocommerce-correios/includes/class-wc-correios-package.php(226): apply_filters('woocommerce_cor...', 0)
#3 /home/ritmosaude/public_html/wp-content/plugins/woocommerce-correios/includes/class-wc-correios-webservice.php(226): WC_Correios_Package->get_data()
#4 /home/ritmosaude/public_html/wp-content/plugins/woocommerce-correios/includes/abstracts/class-wc-correios- in /home/ritmosaude/public_html/wp-content/plugins/woocommerce-devhouse-default-product-size-and-weight/woocommerce-devhouse-default-product-size-and-weight.php on line 161
[13-Jul-2018 22:40:07 UTC] PHP Deprecated:  Function create_function() is deprecated in /home/ritmosaude/public_html/wp-content/plugins/client-side-image-resize/client-side-image-resize.php on line 176
[13-Jul-2018 22:40:07 UTC] PHP Deprecated:  Methods with the same name as their class will not be constructors in a future version of PHP; general_setting_default_fb_thumb has a deprecated constructor in /home/ritmosaude/public_html/wp-content/plugins/facebook-thumb-fixer/_facebook-thumb-fixer.php on line 63
[13-Jul-2018 22:40:07 UTC] PHP Deprecated:  Methods with the same name as their class will not be constructors in a future version of PHP; general_setting_fb_app_ID has a deprecated constructor in /home/ritmosaude/public_html/wp-content/plugins/facebook-thumb-fixer/_facebook-thumb-fixer.php on line 137
[13-Jul-2018 22:40:07 UTC] PHP Deprecated:  Methods with the same name as their class will not be constructors in a future version of PHP; general_setting_object_type has a deprecated constructor in /home/ritmosaude/public_html/wp-content/plugins/facebook-thumb-fixer/_facebook-thumb-fixer.php on line 158
