2017-06-05T23:12:01+00:00 INFO Queuing 3.0.0 - wc_update_300_webhooks
2017-06-05T23:12:01+00:00 INFO Queuing 3.0.0 - wc_update_300_grouped_products
2017-06-05T23:12:01+00:00 INFO Queuing 3.0.0 - wc_update_300_settings
2017-06-05T23:12:01+00:00 INFO Queuing 3.0.0 - wc_update_300_product_visibility
2017-06-05T23:12:01+00:00 INFO Queuing 3.0.0 - wc_update_300_db_version
2017-06-05T23:12:02+00:00 INFO Running wc_update_300_webhooks callback
2017-06-05T23:12:02+00:00 INFO Finished wc_update_300_webhooks callback
2017-06-05T23:12:02+00:00 INFO Running wc_update_300_grouped_products callback
2017-06-05T23:12:02+00:00 INFO Finished wc_update_300_grouped_products callback
2017-06-05T23:12:02+00:00 INFO Running wc_update_300_settings callback
2017-06-05T23:12:02+00:00 INFO Finished wc_update_300_settings callback
2017-06-05T23:12:02+00:00 INFO Running wc_update_300_product_visibility callback
2017-06-05T23:12:02+00:00 INFO Finished wc_update_300_product_visibility callback
2017-06-05T23:12:02+00:00 INFO Running wc_update_300_db_version callback
2017-06-05T23:12:02+00:00 INFO Finished wc_update_300_db_version callback
2017-06-05T23:12:02+00:00 INFO Data update complete
2017-09-25T12:11:26+00:00 INFO Queuing 3.1.0 - wc_update_310_downloadable_products
2017-09-25T12:11:26+00:00 INFO Queuing 3.1.0 - wc_update_310_old_comments
2017-09-25T12:11:26+00:00 INFO Queuing 3.1.0 - wc_update_310_db_version
2017-09-25T12:11:26+00:00 INFO Queuing 3.1.2 - wc_update_312_shop_manager_capabilities
2017-09-25T12:11:26+00:00 INFO Queuing 3.1.2 - wc_update_312_db_version
2017-09-25T12:11:27+00:00 INFO Running wc_update_310_downloadable_products callback
2017-09-25T12:11:27+00:00 INFO Finished wc_update_310_downloadable_products callback
2017-09-25T12:11:27+00:00 INFO Running wc_update_310_old_comments callback
2017-09-25T12:11:27+00:00 INFO Finished wc_update_310_old_comments callback
2017-09-25T12:11:27+00:00 INFO Running wc_update_310_db_version callback
2017-09-25T12:11:27+00:00 INFO Finished wc_update_310_db_version callback
2017-09-25T12:11:27+00:00 INFO Running wc_update_312_shop_manager_capabilities callback
2017-09-25T12:11:27+00:00 INFO Finished wc_update_312_shop_manager_capabilities callback
2017-09-25T12:11:27+00:00 INFO Running wc_update_312_db_version callback
2017-09-25T12:11:27+00:00 INFO Finished wc_update_312_db_version callback
2017-09-25T12:11:27+00:00 INFO Data update complete
2017-10-11T13:54:42+00:00 INFO Queuing 3.2.0 - wc_update_320_mexican_states
2017-10-11T13:54:42+00:00 INFO Queuing 3.2.0 - wc_update_320_db_version
2017-10-11T13:54:43+00:00 INFO Running wc_update_320_mexican_states callback
2017-10-11T13:54:43+00:00 INFO Finished wc_update_320_mexican_states callback
2017-10-11T13:54:43+00:00 INFO Running wc_update_320_db_version callback
2017-10-11T13:54:43+00:00 INFO Finished wc_update_320_db_version callback
2017-10-11T13:54:43+00:00 INFO Data update complete
