2018-07-12T15:12:12+00:00 INFO Queuing 3.3.0 - wc_update_330_image_options
2018-07-12T15:12:12+00:00 INFO Queuing 3.3.0 - wc_update_330_webhooks
2018-07-12T15:12:12+00:00 INFO Queuing 3.3.0 - wc_update_330_product_stock_status
2018-07-12T15:12:12+00:00 INFO Queuing 3.3.0 - wc_update_330_set_default_product_cat
2018-07-12T15:12:12+00:00 INFO Queuing 3.3.0 - wc_update_330_clear_transients
2018-07-12T15:12:12+00:00 INFO Queuing 3.3.0 - wc_update_330_set_paypal_sandbox_credentials
2018-07-12T15:12:12+00:00 INFO Queuing 3.3.0 - wc_update_330_db_version
2018-07-12T15:12:12+00:00 INFO Queuing 3.4.0 - wc_update_340_states
2018-07-12T15:12:12+00:00 INFO Queuing 3.4.0 - wc_update_340_state
2018-07-12T15:12:12+00:00 INFO Queuing 3.4.0 - wc_update_340_last_active
2018-07-12T15:12:12+00:00 INFO Queuing 3.4.0 - wc_update_340_db_version
2018-07-12T15:12:12+00:00 INFO Queuing 3.4.3 - wc_update_343_cleanup_foreign_keys
2018-07-12T15:12:12+00:00 INFO Queuing 3.4.3 - wc_update_343_db_version
2018-07-12T15:12:12+00:00 INFO Running wc_update_330_image_options callback
2018-07-12T15:12:12+00:00 INFO Finished running wc_update_330_image_options callback
2018-07-12T15:12:12+00:00 INFO Running wc_update_330_webhooks callback
2018-07-12T15:12:12+00:00 INFO Finished running wc_update_330_webhooks callback
2018-07-12T15:12:12+00:00 INFO Running wc_update_330_product_stock_status callback
2018-07-12T15:12:12+00:00 INFO Finished running wc_update_330_product_stock_status callback
2018-07-12T15:12:12+00:00 INFO Running wc_update_330_set_default_product_cat callback
2018-07-12T15:12:12+00:00 INFO Finished running wc_update_330_set_default_product_cat callback
2018-07-12T15:12:12+00:00 INFO Running wc_update_330_clear_transients callback
2018-07-12T15:12:12+00:00 INFO Finished running wc_update_330_clear_transients callback
2018-07-12T15:12:12+00:00 INFO Running wc_update_330_set_paypal_sandbox_credentials callback
2018-07-12T15:12:12+00:00 INFO Finished running wc_update_330_set_paypal_sandbox_credentials callback
2018-07-12T15:12:12+00:00 INFO Running wc_update_330_db_version callback
2018-07-12T15:12:12+00:00 INFO Finished running wc_update_330_db_version callback
2018-07-12T15:12:12+00:00 INFO Running wc_update_340_states callback
2018-07-12T15:12:12+00:00 INFO Finished running wc_update_340_states callback
2018-07-12T15:12:12+00:00 INFO Running wc_update_340_state callback
2018-07-12T15:12:12+00:00 INFO wc_update_340_state callback needs to run again
2018-07-12T15:12:12+00:00 INFO Running wc_update_340_last_active callback
2018-07-12T15:12:12+00:00 INFO Finished running wc_update_340_last_active callback
2018-07-12T15:12:12+00:00 INFO Running wc_update_340_db_version callback
2018-07-12T15:12:12+00:00 INFO Finished running wc_update_340_db_version callback
2018-07-12T15:12:12+00:00 INFO Running wc_update_343_cleanup_foreign_keys callback
2018-07-12T15:12:12+00:00 INFO Finished running wc_update_343_cleanup_foreign_keys callback
2018-07-12T15:12:12+00:00 INFO Running wc_update_343_db_version callback
2018-07-12T15:12:12+00:00 INFO Finished running wc_update_343_db_version callback
2018-07-12T15:12:12+00:00 INFO Running wc_update_340_state callback
2018-07-12T15:12:12+00:00 INFO wc_update_340_state callback needs to run again
2018-07-12T15:12:12+00:00 INFO Running wc_update_340_state callback
2018-07-12T15:12:12+00:00 INFO wc_update_340_state callback needs to run again
2018-07-12T15:12:12+00:00 INFO Running wc_update_340_state callback
2018-07-12T15:12:12+00:00 INFO wc_update_340_state callback needs to run again
2018-07-12T15:12:12+00:00 INFO Running wc_update_340_state callback
2018-07-12T15:12:12+00:00 INFO wc_update_340_state callback needs to run again
2018-07-12T15:12:12+00:00 INFO Running wc_update_340_state callback
2018-07-12T15:12:12+00:00 INFO wc_update_340_state callback needs to run again
2018-07-12T15:12:12+00:00 INFO Running wc_update_340_state callback
2018-07-12T15:12:12+00:00 INFO wc_update_340_state callback needs to run again
2018-07-12T15:12:12+00:00 INFO Running wc_update_340_state callback
2018-07-12T15:12:12+00:00 INFO wc_update_340_state callback needs to run again
2018-07-12T15:12:12+00:00 INFO Running wc_update_340_state callback
2018-07-12T15:12:12+00:00 INFO wc_update_340_state callback needs to run again
2018-07-12T15:12:12+00:00 INFO Running wc_update_340_state callback
2018-07-12T15:12:12+00:00 INFO wc_update_340_state callback needs to run again
2018-07-12T15:12:12+00:00 INFO Running wc_update_340_state callback
2018-07-12T15:12:12+00:00 INFO wc_update_340_state callback needs to run again
2018-07-12T15:12:12+00:00 INFO Running wc_update_340_state callback
2018-07-12T15:12:12+00:00 INFO wc_update_340_state callback needs to run again
2018-07-12T15:12:12+00:00 INFO Running wc_update_340_state callback
2018-07-12T15:12:12+00:00 INFO wc_update_340_state callback needs to run again
2018-07-12T15:12:12+00:00 INFO Running wc_update_340_state callback
2018-07-12T15:12:12+00:00 INFO wc_update_340_state callback needs to run again
2018-07-12T15:12:12+00:00 INFO Running wc_update_340_state callback
2018-07-12T15:12:12+00:00 INFO wc_update_340_state callback needs to run again
2018-07-12T15:12:12+00:00 INFO Running wc_update_340_state callback
2018-07-12T15:12:12+00:00 INFO wc_update_340_state callback needs to run again
2018-07-12T15:12:12+00:00 INFO Running wc_update_340_state callback
2018-07-12T15:12:12+00:00 INFO wc_update_340_state callback needs to run again
2018-07-12T15:12:12+00:00 INFO Running wc_update_340_state callback
2018-07-12T15:12:12+00:00 INFO wc_update_340_state callback needs to run again
2018-07-12T15:12:12+00:00 INFO Running wc_update_340_state callback
2018-07-12T15:12:12+00:00 INFO wc_update_340_state callback needs to run again
2018-07-12T15:12:12+00:00 INFO Running wc_update_340_state callback
2018-07-12T15:12:12+00:00 INFO wc_update_340_state callback needs to run again
2018-07-12T15:12:12+00:00 INFO Running wc_update_340_state callback
2018-07-12T15:12:12+00:00 INFO wc_update_340_state callback needs to run again
2018-07-12T15:12:12+00:00 INFO Running wc_update_340_state callback
2018-07-12T15:12:12+00:00 INFO wc_update_340_state callback needs to run again
2018-07-12T15:12:12+00:00 INFO Running wc_update_340_state callback
2018-07-12T15:12:12+00:00 INFO wc_update_340_state callback needs to run again
2018-07-12T15:12:12+00:00 INFO Running wc_update_340_state callback
2018-07-12T15:12:12+00:00 INFO wc_update_340_state callback needs to run again
2018-07-12T15:12:12+00:00 INFO Running wc_update_340_state callback
2018-07-12T15:12:12+00:00 INFO wc_update_340_state callback needs to run again
2018-07-12T15:12:12+00:00 INFO Running wc_update_340_state callback
2018-07-12T15:12:12+00:00 INFO wc_update_340_state callback needs to run again
2018-07-12T15:12:12+00:00 INFO Running wc_update_340_state callback
2018-07-12T15:12:12+00:00 INFO wc_update_340_state callback needs to run again
2018-07-12T15:12:12+00:00 INFO Running wc_update_340_state callback
2018-07-12T15:12:12+00:00 INFO wc_update_340_state callback needs to run again
2018-07-12T15:12:12+00:00 INFO Running wc_update_340_state callback
2018-07-12T15:12:12+00:00 INFO wc_update_340_state callback needs to run again
2018-07-12T15:12:12+00:00 INFO Running wc_update_340_state callback
2018-07-12T15:12:12+00:00 INFO wc_update_340_state callback needs to run again
2018-07-12T15:12:12+00:00 INFO Running wc_update_340_state callback
2018-07-12T15:12:12+00:00 INFO wc_update_340_state callback needs to run again
2018-07-12T15:12:12+00:00 INFO Running wc_update_340_state callback
2018-07-12T15:12:12+00:00 INFO wc_update_340_state callback needs to run again
2018-07-12T15:12:12+00:00 INFO Running wc_update_340_state callback
2018-07-12T15:12:12+00:00 INFO wc_update_340_state callback needs to run again
2018-07-12T15:12:12+00:00 INFO Running wc_update_340_state callback
2018-07-12T15:12:12+00:00 INFO wc_update_340_state callback needs to run again
2018-07-12T15:12:12+00:00 INFO Running wc_update_340_state callback
2018-07-12T15:12:12+00:00 INFO wc_update_340_state callback needs to run again
2018-07-12T15:12:12+00:00 INFO Running wc_update_340_state callback
2018-07-12T15:12:12+00:00 INFO wc_update_340_state callback needs to run again
2018-07-12T15:12:12+00:00 INFO Running wc_update_340_state callback
2018-07-12T15:12:12+00:00 INFO wc_update_340_state callback needs to run again
2018-07-12T15:12:12+00:00 INFO Running wc_update_340_state callback
2018-07-12T15:12:12+00:00 INFO wc_update_340_state callback needs to run again
2018-07-12T15:12:12+00:00 INFO Running wc_update_340_state callback
2018-07-12T15:12:12+00:00 INFO wc_update_340_state callback needs to run again
2018-07-12T15:12:12+00:00 INFO Running wc_update_340_state callback
2018-07-12T15:12:12+00:00 INFO wc_update_340_state callback needs to run again
2018-07-12T15:12:12+00:00 INFO Running wc_update_340_state callback
2018-07-12T15:12:12+00:00 INFO wc_update_340_state callback needs to run again
2018-07-12T15:12:12+00:00 INFO Running wc_update_340_state callback
2018-07-12T15:12:12+00:00 INFO wc_update_340_state callback needs to run again
2018-07-12T15:12:12+00:00 INFO Running wc_update_340_state callback
2018-07-12T15:12:12+00:00 INFO wc_update_340_state callback needs to run again
2018-07-12T15:12:12+00:00 INFO Running wc_update_340_state callback
2018-07-12T15:12:12+00:00 INFO wc_update_340_state callback needs to run again
2018-07-12T15:12:12+00:00 INFO Running wc_update_340_state callback
2018-07-12T15:12:13+00:00 INFO wc_update_340_state callback needs to run again
2018-07-12T15:12:13+00:00 INFO Running wc_update_340_state callback
2018-07-12T15:12:13+00:00 INFO wc_update_340_state callback needs to run again
2018-07-12T15:12:13+00:00 INFO Running wc_update_340_state callback
2018-07-12T15:12:13+00:00 INFO wc_update_340_state callback needs to run again
2018-07-12T15:12:13+00:00 INFO Running wc_update_340_state callback
2018-07-12T15:12:13+00:00 INFO wc_update_340_state callback needs to run again
2018-07-12T15:12:13+00:00 INFO Running wc_update_340_state callback
2018-07-12T15:12:13+00:00 INFO wc_update_340_state callback needs to run again
2018-07-12T15:12:13+00:00 INFO Running wc_update_340_state callback
2018-07-12T15:12:13+00:00 INFO wc_update_340_state callback needs to run again
2018-07-12T15:12:13+00:00 INFO Running wc_update_340_state callback
2018-07-12T15:12:13+00:00 INFO wc_update_340_state callback needs to run again
2018-07-12T15:12:13+00:00 INFO Running wc_update_340_state callback
2018-07-12T15:12:13+00:00 INFO wc_update_340_state callback needs to run again
2018-07-12T15:12:13+00:00 INFO Running wc_update_340_state callback
2018-07-12T15:12:13+00:00 INFO wc_update_340_state callback needs to run again
2018-07-12T15:12:13+00:00 INFO Running wc_update_340_state callback
2018-07-12T15:12:13+00:00 INFO wc_update_340_state callback needs to run again
2018-07-12T15:12:13+00:00 INFO Running wc_update_340_state callback
2018-07-12T15:12:13+00:00 INFO wc_update_340_state callback needs to run again
2018-07-12T15:12:13+00:00 INFO Running wc_update_340_state callback
2018-07-12T15:12:13+00:00 INFO wc_update_340_state callback needs to run again
2018-07-12T15:12:13+00:00 INFO Running wc_update_340_state callback
2018-07-12T15:12:13+00:00 INFO wc_update_340_state callback needs to run again
2018-07-12T15:12:13+00:00 INFO Running wc_update_340_state callback
2018-07-12T15:12:13+00:00 INFO wc_update_340_state callback needs to run again
2018-07-12T15:12:13+00:00 INFO Running wc_update_340_state callback
2018-07-12T15:12:13+00:00 INFO wc_update_340_state callback needs to run again
2018-07-12T15:12:13+00:00 INFO Running wc_update_340_state callback
2018-07-12T15:12:13+00:00 INFO wc_update_340_state callback needs to run again
2018-07-12T15:12:13+00:00 INFO Running wc_update_340_state callback
2018-07-12T15:12:13+00:00 INFO wc_update_340_state callback needs to run again
2018-07-12T15:12:13+00:00 INFO Running wc_update_340_state callback
2018-07-12T15:12:13+00:00 INFO wc_update_340_state callback needs to run again
2018-07-12T15:12:13+00:00 INFO Running wc_update_340_state callback
2018-07-12T15:12:13+00:00 INFO wc_update_340_state callback needs to run again
2018-07-12T15:12:13+00:00 INFO Running wc_update_340_state callback
2018-07-12T15:12:13+00:00 INFO wc_update_340_state callback needs to run again
2018-07-12T15:12:13+00:00 INFO Running wc_update_340_state callback
2018-07-12T15:12:13+00:00 INFO wc_update_340_state callback needs to run again
2018-07-12T15:12:13+00:00 INFO Running wc_update_340_state callback
2018-07-12T15:12:13+00:00 INFO wc_update_340_state callback needs to run again
2018-07-12T15:12:13+00:00 INFO Running wc_update_340_state callback
2018-07-12T15:12:13+00:00 INFO Finished running wc_update_340_state callback
2018-07-12T15:12:13+00:00 INFO Data update complete
